#
# There is insufficient memory for the Java Runtime Environment to continue.
# Native memory allocation (malloc) failed to allocate 151120 bytes for Chunk::new
# Possible reasons:
#   The system is out of physical RAM or swap space
#   The process is running with CompressedOops enabled, and the Java Heap may be blocking the growth of the native heap
# Possible solutions:
#   Reduce memory load on the system
#   Increase physical memory or swap space
#   Check if swap backing store is full
#   Decrease Java heap size (-Xmx/-Xms)
#   Decrease number of Java threads
#   Decrease Java thread stack sizes (-Xss)
#   Set larger code cache with -XX:ReservedCodeCacheSize=
#   JVM is running with Unscaled Compressed Oops mode in which the Java heap is
#     placed in the first 4GB address space. The Java Heap base address is the
#     maximum limit for the native heap growth. Please use -XX:HeapBaseMinAddress
#     to set the Java Heap base and to place the Java Heap above 4GB virtual address.
# This output file may be truncated or incomplete.
#
#  Out of Memory Error (arena.cpp:189), pid=21696, tid=21532
#
# JRE version: OpenJDK Runtime Environment Temurin-17.0.7+7 (17.0.7+7) (build 17.0.7+7)
# Java VM: OpenJDK 64-Bit Server VM Temurin-17.0.7+7 (17.0.7+7, mixed mode, tiered, compressed oops, compressed class ptrs, g1 gc, windows-amd64)
# No core dump will be written. Minidumps are not enabled by default on client versions of Windows
#

---------------  S U M M A R Y ------------

Command Line: C:\my new folder\myprograms\Opencart_aug12\target\surefire\surefirebooter4056613892536790470.jar C:\my new folder\myprograms\Opencart_aug12\target\surefire\surefire1955852261407009208tmp C:\my new folder\myprograms\Opencart_aug12\target\surefire\surefire_017431049518704909804tmp

Host: Intel(R) Core(TM) i3-6006U CPU @ 2.00GHz, 4 cores, 3G,  Windows 10 , 64 bit Build 19041 (10.0.19041.3393)
Time: Wed Oct 18 09:18:30 2023 Pacific Daylight Time elapsed time: 7.106802 seconds (0d 0h 0m 7s)

---------------  T H R E A D  ---------------

Current thread (0x0000019df063ff60):  JavaThread "C2 CompilerThread0" daemon [_thread_in_native, id=21532, stack(0x0000000aea600000,0x0000000aea700000)]


Current CompileTask:
C2:   7106 2485       4       java.util.HashSet::add (20 bytes)

Stack: [0x0000000aea600000,0x0000000aea700000]
Native frames: (J=compiled Java code, j=interpreted, Vv=VM code, C=native code)
V  [jvm.dll+0x67754a]
V  [jvm.dll+0x834304]
V  [jvm.dll+0x835aae]
V  [jvm.dll+0x836113]
V  [jvm.dll+0x24696f]
V  [jvm.dll+0xac0ac]
V  [jvm.dll+0xac67c]
V  [jvm.dll+0x11e887]
V  [jvm.dll+0x609cc5]
V  [jvm.dll+0x608394]
V  [jvm.dll+0x2194b8]
V  [jvm.dll+0x218a61]
V  [jvm.dll+0x1a4d8d]
V  [jvm.dll+0x2284da]
V  [jvm.dll+0x226615]
V  [jvm.dll+0x7ea90b]
V  [jvm.dll+0x7e4e7a]
V  [jvm.dll+0x676395]
C  [ucrtbase.dll+0x21bb2]
C  [KERNEL32.DLL+0x17344]
C  [ntdll.dll+0x526b1]


---------------  P R O C E S S  ---------------

Threads class SMR info:
_java_thread_list=0x0000019df5883dc0, length=24, elements={
0x0000019dd73fe800, 0x0000019df05d5000, 0x0000019df05d5e70, 0x0000019df05f7060,
0x0000019df063aff0, 0x0000019df063d8c0, 0x0000019df063f280, 0x0000019df063ff60,
0x0000019df065dd60, 0x0000019df0660670, 0x0000019df08cb0a0, 0x0000019df08d92d0,
0x0000019df5f53a50, 0x0000019df6c988d0, 0x0000019df6073030, 0x0000019df65ef030,
0x0000019df5ee7060, 0x0000019df6ca21a0, 0x0000019df67c92d0, 0x0000019df67cafb0,
0x0000019df67caae0, 0x0000019df67c7f90, 0x0000019df67ca610, 0x0000019df67c97a0
}

Java Threads: ( => current thread )
  0x0000019dd73fe800 JavaThread "main" [_thread_in_Java, id=10720, stack(0x0000000ae9900000,0x0000000ae9a00000)]
  0x0000019df05d5000 JavaThread "Reference Handler" daemon [_thread_blocked, id=15784, stack(0x0000000aea000000,0x0000000aea100000)]
  0x0000019df05d5e70 JavaThread "Finalizer" daemon [_thread_blocked, id=4740, stack(0x0000000aea100000,0x0000000aea200000)]
  0x0000019df05f7060 JavaThread "Signal Dispatcher" daemon [_thread_blocked, id=25624, stack(0x0000000aea200000,0x0000000aea300000)]
  0x0000019df063aff0 JavaThread "Attach Listener" daemon [_thread_blocked, id=15956, stack(0x0000000aea300000,0x0000000aea400000)]
  0x0000019df063d8c0 JavaThread "Service Thread" daemon [_thread_blocked, id=20160, stack(0x0000000aea400000,0x0000000aea500000)]
  0x0000019df063f280 JavaThread "Monitor Deflation Thread" daemon [_thread_blocked, id=22332, stack(0x0000000aea500000,0x0000000aea600000)]
=>0x0000019df063ff60 JavaThread "C2 CompilerThread0" daemon [_thread_in_native, id=21532, stack(0x0000000aea600000,0x0000000aea700000)]
  0x0000019df065dd60 JavaThread "C1 CompilerThread0" daemon [_thread_blocked, id=9816, stack(0x0000000aea700000,0x0000000aea800000)]
  0x0000019df0660670 JavaThread "Sweeper thread" daemon [_thread_blocked, id=20064, stack(0x0000000aea800000,0x0000000aea900000)]
  0x0000019df08cb0a0 JavaThread "Notification Thread" daemon [_thread_blocked, id=24640, stack(0x0000000aea900000,0x0000000aeaa00000)]
  0x0000019df08d92d0 JavaThread "Common-Cleaner" daemon [_thread_blocked, id=10872, stack(0x0000000aeab00000,0x0000000aeac00000)]
  0x0000019df5f53a50 JavaThread "ForkJoinPool.commonPool-worker-1" daemon [_thread_blocked, id=8844, stack(0x0000000aeb000000,0x0000000aeb100000)]
  0x0000019df6c988d0 JavaThread "AsyncHttpClient-1-1" daemon [_thread_blocked, id=17392, stack(0x0000000aeb100000,0x0000000aeb200000)]
  0x0000019df6073030 JavaThread "Exec Default Executor" daemon [_thread_in_native, id=7120, stack(0x0000000aeac00000,0x0000000aead00000)]
  0x0000019df65ef030 JavaThread "Exec Stream Pumper" daemon [_thread_in_native, id=9692, stack(0x0000000aeb200000,0x0000000aeb300000)]
  0x0000019df5ee7060 JavaThread "Exec Stream Pumper" daemon [_thread_in_native, id=26304, stack(0x0000000aeb300000,0x0000000aeb400000)]
  0x0000019df6ca21a0 JavaThread "Driver Service Executor" daemon [_thread_blocked, id=22112, stack(0x0000000aeb400000,0x0000000aeb500000)]
  0x0000019df67c92d0 JavaThread "Driver Service Executor" daemon [_thread_blocked, id=9996, stack(0x0000000aeb500000,0x0000000aeb600000)]
  0x0000019df67cafb0 JavaThread "UrlChecker-2" daemon [_thread_blocked, id=20956, stack(0x0000000aeb600000,0x0000000aeb700000)]
  0x0000019df67caae0 JavaThread "Keep-Alive-Timer" daemon [_thread_blocked, id=18240, stack(0x0000000aeb800000,0x0000000aeb900000)]
  0x0000019df67c7f90 JavaThread "AsyncHttpClient-1-2" daemon [_thread_in_native, id=19260, stack(0x0000000aeb900000,0x0000000aeba00000)]
  0x0000019df67ca610 JavaThread "AsyncHttpClient-1-3" daemon [_thread_in_native, id=23948, stack(0x0000000aeba00000,0x0000000aebb00000)]
  0x0000019df67c97a0 JavaThread "AsyncHttpClient-1-4" daemon [_thread_in_native, id=25816, stack(0x0000000aebb00000,0x0000000aebc00000)]

Other Threads:
  0x0000019df05d3780 VMThread "VM Thread" [stack: 0x0000000ae9f00000,0x0000000aea000000] [id=23788]
  0x0000019df08cd580 WatcherThread [stack: 0x0000000aeaa00000,0x0000000aeab00000] [id=25000]
  0x0000019dd95f62d0 GCTaskThread "GC Thread#0" [stack: 0x0000000ae9a00000,0x0000000ae9b00000] [id=5288]
  0x0000019df56b5fb0 GCTaskThread "GC Thread#1" [stack: 0x0000000aead00000,0x0000000aeae00000] [id=26184]
  0x0000019df5a82650 GCTaskThread "GC Thread#2" [stack: 0x0000000aeae00000,0x0000000aeaf00000] [id=18816]
  0x0000019df5a68ac0 GCTaskThread "GC Thread#3" [stack: 0x0000000aeaf00000,0x0000000aeb000000] [id=17880]
  0x0000019dd95fee10 ConcurrentGCThread "G1 Main Marker" [stack: 0x0000000ae9b00000,0x0000000ae9c00000] [id=9008]
  0x0000019dd95fffd0 ConcurrentGCThread "G1 Conc#0" [stack: 0x0000000ae9c00000,0x0000000ae9d00000] [id=26336]
  0x0000019dd963e780 ConcurrentGCThread "G1 Refine#0" [stack: 0x0000000ae9d00000,0x0000000ae9e00000] [id=21392]
  0x0000019dd963f1a0 ConcurrentGCThread "G1 Service" [stack: 0x0000000ae9e00000,0x0000000ae9f00000] [id=11568]

Threads with active compile tasks:
C2 CompilerThread0     7171 2485       4       java.util.HashSet::add (20 bytes)
C1 CompilerThread0     7171 2497       3       java.util.stream.Collectors$CollectorImpl::<init> (13 bytes)

VM state: not at safepoint (normal execution)

VM Mutex/Monitor currently owned by a thread: None

Heap address: 0x00000000c2000000, size: 992 MB, Compressed Oops mode: 32-bit

CDS archive(s) not mapped
Compressed class space mapped at: 0x0000000100000000-0x0000000140000000, reserved size: 1073741824
Narrow klass base: 0x0000000000000000, Narrow klass shift: 3, Narrow klass range: 0x140000000

GC Precious Log:
 CPUs: 4 total, 4 available
 Memory: 3965M
 Large Page Support: Disabled
 NUMA Support: Disabled
 Compressed Oops: Enabled (32-bit)
 Heap Region Size: 1M
 Heap Min Capacity: 8M
 Heap Initial Capacity: 62M
 Heap Max Capacity: 992M
 Pre-touch: Disabled
 Parallel Workers: 4
 Concurrent Workers: 1
 Concurrent Refinement Workers: 4
 Periodic GC: Disabled

Heap:
 garbage-first heap   total 40960K, used 23494K [0x00000000c2000000, 0x0000000100000000)
  region size 1024K, 7 young (7168K), 1 survivors (1024K)
 Metaspace       used 32687K, committed 33024K, reserved 1114112K
  class space    used 3839K, committed 4032K, reserved 1048576K

Heap Regions: E=young(eden), S=young(survivor), O=old, HS=humongous(starts), HC=humongous(continues), CS=collection set, F=free, OA=open archive, CA=closed archive, TAMS=top-at-mark-start (previous, next)
|   0|0x00000000c2000000, 0x00000000c2100000, 0x00000000c2100000|100%| O|  |TAMS 0x00000000c2100000, 0x00000000c2000000| Untracked 
|   1|0x00000000c2100000, 0x00000000c2200000, 0x00000000c2200000|100%| O|  |TAMS 0x00000000c2200000, 0x00000000c2100000| Untracked 
|   2|0x00000000c2200000, 0x00000000c2300000, 0x00000000c2300000|100%| O|  |TAMS 0x00000000c2300000, 0x00000000c2200000| Untracked 
|   3|0x00000000c2300000, 0x00000000c2400000, 0x00000000c2400000|100%| O|  |TAMS 0x00000000c2400000, 0x00000000c2300000| Untracked 
|   4|0x00000000c2400000, 0x00000000c2500000, 0x00000000c2500000|100%| O|  |TAMS 0x00000000c2500000, 0x00000000c2400000| Untracked 
|   5|0x00000000c2500000, 0x00000000c2600000, 0x00000000c2600000|100%| O|  |TAMS 0x00000000c2600000, 0x00000000c2500000| Untracked 
|   6|0x00000000c2600000, 0x00000000c2637c00, 0x00000000c2700000| 21%| O|  |TAMS 0x00000000c2637c00, 0x00000000c2600000| Untracked 
|   7|0x00000000c2700000, 0x00000000c2800000, 0x00000000c2800000|100%| O|  |TAMS 0x00000000c2700000, 0x00000000c2700000| Untracked 
|   8|0x00000000c2800000, 0x00000000c2900000, 0x00000000c2900000|100%| O|  |TAMS 0x00000000c2800000, 0x00000000c2800000| Untracked 
|   9|0x00000000c2900000, 0x00000000c2a00000, 0x00000000c2a00000|100%| O|  |TAMS 0x00000000c2900000, 0x00000000c2900000| Untracked 
|  10|0x00000000c2a00000, 0x00000000c2b00000, 0x00000000c2b00000|100%| O|  |TAMS 0x00000000c2a00000, 0x00000000c2a00000| Untracked 
|  11|0x00000000c2b00000, 0x00000000c2c00000, 0x00000000c2c00000|100%| O|  |TAMS 0x00000000c2b00000, 0x00000000c2b00000| Untracked 
|  12|0x00000000c2c00000, 0x00000000c2cb9e00, 0x00000000c2d00000| 72%| O|  |TAMS 0x00000000c2c00000, 0x00000000c2c00000| Untracked 
|  13|0x00000000c2d00000, 0x00000000c2d00000, 0x00000000c2e00000|  0%| F|  |TAMS 0x00000000c2d00000, 0x00000000c2d00000| Untracked 
|  14|0x00000000c2e00000, 0x00000000c2e00000, 0x00000000c2f00000|  0%| F|  |TAMS 0x00000000c2e00000, 0x00000000c2e00000| Untracked 
|  15|0x00000000c2f00000, 0x00000000c2f00000, 0x00000000c3000000|  0%| F|  |TAMS 0x00000000c2f00000, 0x00000000c2f00000| Untracked 
|  16|0x00000000c3000000, 0x00000000c3100000, 0x00000000c3100000|100%|HS|  |TAMS 0x00000000c3000000, 0x00000000c3000000| Complete 
|  17|0x00000000c3100000, 0x00000000c3200000, 0x00000000c3200000|100%|HC|  |TAMS 0x00000000c3100000, 0x00000000c3100000| Complete 
|  18|0x00000000c3200000, 0x00000000c3300000, 0x00000000c3300000|100%|HC|  |TAMS 0x00000000c3200000, 0x00000000c3200000| Complete 
|  19|0x00000000c3300000, 0x00000000c3400000, 0x00000000c3400000|100%|HC|  |TAMS 0x00000000c3300000, 0x00000000c3300000| Complete 
|  20|0x00000000c3400000, 0x00000000c3500000, 0x00000000c3500000|100%|HC|  |TAMS 0x00000000c3400000, 0x00000000c3400000| Complete 
|  21|0x00000000c3500000, 0x00000000c3500000, 0x00000000c3600000|  0%| F|  |TAMS 0x00000000c3500000, 0x00000000c3500000| Untracked 
|  22|0x00000000c3600000, 0x00000000c3600000, 0x00000000c3700000|  0%| F|  |TAMS 0x00000000c3600000, 0x00000000c3600000| Untracked 
|  23|0x00000000c3700000, 0x00000000c3700000, 0x00000000c3800000|  0%| F|  |TAMS 0x00000000c3700000, 0x00000000c3700000| Untracked 
|  24|0x00000000c3800000, 0x00000000c3800000, 0x00000000c3900000|  0%| F|  |TAMS 0x00000000c3800000, 0x00000000c3800000| Untracked 
|  25|0x00000000c3900000, 0x00000000c3900000, 0x00000000c3a00000|  0%| F|  |TAMS 0x00000000c3900000, 0x00000000c3900000| Untracked 
|  26|0x00000000c3a00000, 0x00000000c3b00000, 0x00000000c3b00000|100%| S|CS|TAMS 0x00000000c3a00000, 0x00000000c3a00000| Complete 
|  27|0x00000000c3b00000, 0x00000000c3b00000, 0x00000000c3c00000|  0%| F|  |TAMS 0x00000000c3b00000, 0x00000000c3b00000| Untracked 
|  28|0x00000000c3c00000, 0x00000000c3c00000, 0x00000000c3d00000|  0%| F|  |TAMS 0x00000000c3c00000, 0x00000000c3c00000| Untracked 
|  29|0x00000000c3d00000, 0x00000000c3d00000, 0x00000000c3e00000|  0%| F|  |TAMS 0x00000000c3d00000, 0x00000000c3d00000| Untracked 
|  30|0x00000000c3e00000, 0x00000000c3e00000, 0x00000000c3f00000|  0%| F|  |TAMS 0x00000000c3e00000, 0x00000000c3e00000| Untracked 
|  31|0x00000000c3f00000, 0x00000000c3f00000, 0x00000000c4000000|  0%| F|  |TAMS 0x00000000c3f00000, 0x00000000c3f00000| Untracked 
|  32|0x00000000c4000000, 0x00000000c4000000, 0x00000000c4100000|  0%| F|  |TAMS 0x00000000c4000000, 0x00000000c4000000| Untracked 
|  33|0x00000000c4100000, 0x00000000c4100000, 0x00000000c4200000|  0%| F|  |TAMS 0x00000000c4100000, 0x00000000c4100000| Untracked 
|  34|0x00000000c4200000, 0x00000000c422d940, 0x00000000c4300000| 17%| E|  |TAMS 0x00000000c4200000, 0x00000000c4200000| Complete 
|  50|0x00000000c5200000, 0x00000000c5300000, 0x00000000c5300000|100%| E|CS|TAMS 0x00000000c5200000, 0x00000000c5200000| Complete 
|  51|0x00000000c5300000, 0x00000000c5400000, 0x00000000c5400000|100%| E|CS|TAMS 0x00000000c5300000, 0x00000000c5300000| Complete 
|  52|0x00000000c5400000, 0x00000000c5500000, 0x00000000c5500000|100%| E|CS|TAMS 0x00000000c5400000, 0x00000000c5400000| Complete 
|  53|0x00000000c5500000, 0x00000000c5600000, 0x00000000c5600000|100%| E|CS|TAMS 0x00000000c5500000, 0x00000000c5500000| Complete 
|  61|0x00000000c5d00000, 0x00000000c5e00000, 0x00000000c5e00000|100%| E|CS|TAMS 0x00000000c5d00000, 0x00000000c5d00000| Complete 

Card table byte_map: [0x0000019debe70000,0x0000019dec060000] _byte_map_base: 0x0000019deb860000

Marking Bits (Prev, Next): (CMBitMap*) 0x0000019dd95f6920, (CMBitMap*) 0x0000019dd95f68e0
 Prev Bits: [0x0000019ded1d0000, 0x0000019dee150000)
 Next Bits: [0x0000019dec250000, 0x0000019ded1d0000)

Polling page: 0x0000019dd7510000

Metaspace:

Usage:
  Non-class:     28.17 MB used.
      Class:      3.75 MB used.
       Both:     31.92 MB used.

Virtual space:
  Non-class space:       64.00 MB reserved,      28.38 MB ( 44%) committed,  1 nodes.
      Class space:        1.00 GB reserved,       3.94 MB ( <1%) committed,  1 nodes.
             Both:        1.06 GB reserved,      32.31 MB (  3%) committed. 

Chunk freelists:
   Non-Class:  2.87 MB
       Class:  12.05 MB
        Both:  14.92 MB

MaxMetaspaceSize: unlimited
CompressedClassSpaceSize: 1.00 GB
Initial GC threshold: 21.00 MB
Current GC threshold: 35.12 MB
CDS: off
MetaspaceReclaimPolicy: balanced
 - commit_granule_bytes: 65536.
 - commit_granule_words: 8192.
 - virtual_space_node_default_size: 8388608.
 - enlarge_chunks_in_place: 1.
 - new_chunks_are_fully_committed: 0.
 - uncommit_free_chunks: 1.
 - use_allocation_guard: 0.
 - handle_deallocations: 1.


Internal statistics:

num_allocs_failed_limit: 3.
num_arena_births: 356.
num_arena_deaths: 0.
num_vsnodes_births: 2.
num_vsnodes_deaths: 0.
num_space_committed: 517.
num_space_uncommitted: 0.
num_chunks_returned_to_freelist: 3.
num_chunks_taken_from_freelist: 1071.
num_chunk_merges: 3.
num_chunk_splits: 707.
num_chunks_enlarged: 511.
num_inconsistent_stats: 0.

CodeHeap 'non-profiled nmethods': size=120000Kb used=1146Kb max_used=1146Kb free=118853Kb
 bounds [0x0000019de4750000, 0x0000019de49c0000, 0x0000019debc80000]
CodeHeap 'profiled nmethods': size=120000Kb used=4763Kb max_used=4763Kb free=115236Kb
 bounds [0x0000019ddcc80000, 0x0000019ddd130000, 0x0000019de41b0000]
CodeHeap 'non-nmethods': size=5760Kb used=1288Kb max_used=1353Kb free=4471Kb
 bounds [0x0000019de41b0000, 0x0000019de4420000, 0x0000019de4750000]
 total_blobs=3109 nmethods=2498 adapters=523
 compilation: enabled
              stopped_count=0, restarted_count=0
 full_count=0

Compilation events (20 events):
Event: 7.058 Thread 0x0000019df065dd60 2487       3       java.time.LocalTime::ofNanoOfDay (68 bytes)
Event: 7.058 Thread 0x0000019df065dd60 nmethod 2487 0x0000019ddd11a510 code [0x0000019ddd11a6e0, 0x0000019ddd11a9f8]
Event: 7.061 Thread 0x0000019df065dd60 2489       3       io.netty.channel.nio.AbstractNioChannel::eventLoop (5 bytes)
Event: 7.061 Thread 0x0000019df065dd60 nmethod 2489 0x0000019ddd11ab90 code [0x0000019ddd11ad60, 0x0000019ddd11b188]
Event: 7.062 Thread 0x0000019df065dd60 2490       3       io.netty.channel.AbstractChannelHandlerContext::executor (22 bytes)
Event: 7.063 Thread 0x0000019df065dd60 nmethod 2490 0x0000019ddd11b310 code [0x0000019ddd11b500, 0x0000019ddd11bba8]
Event: 7.065 Thread 0x0000019df065dd60 2491       3       java.lang.invoke.MemberName::asSpecial (89 bytes)
Event: 7.066 Thread 0x0000019df065dd60 nmethod 2491 0x0000019ddd11bd90 code [0x0000019ddd11c060, 0x0000019ddd11cd28]
Event: 7.068 Thread 0x0000019df065dd60 2492       3       java.util.stream.ReduceOps$ReduceOp::<init> (10 bytes)
Event: 7.068 Thread 0x0000019df065dd60 nmethod 2492 0x0000019ddd11d190 code [0x0000019ddd11d320, 0x0000019ddd11d4d8]
Event: 7.071 Thread 0x0000019df063ff60 nmethod 2434 0x0000019de486c190 code [0x0000019de486c3a0, 0x0000019de486d748]
Event: 7.071 Thread 0x0000019df063ff60 2438       4       java.lang.Character::digit (6 bytes)
Event: 7.073 Thread 0x0000019df063ff60 nmethod 2438 0x0000019de486e310 code [0x0000019de486e4a0, 0x0000019de486e618]
Event: 7.073 Thread 0x0000019df063ff60 2485       4       java.util.HashSet::add (20 bytes)
Event: 7.077 Thread 0x0000019df065dd60 2493       3       org.apache.maven.surefire.util.internal.StringUtils::escapeJavaStyleString (473 bytes)
Event: 7.083 Thread 0x0000019df065dd60 nmethod 2493 0x0000019ddd11d590 code [0x0000019ddd11dce0, 0x0000019ddd121e28]
Event: 7.086 Thread 0x0000019df065dd60 2494       1       java.util.Formatter$FixedString::index (3 bytes)
Event: 7.086 Thread 0x0000019df065dd60 nmethod 2494 0x0000019de486e790 code [0x0000019de486e920, 0x0000019de486e9f8]
Event: 7.087 Thread 0x0000019df065dd60 2495       3       java.io.PrintWriter::ensureOpen (18 bytes)
Event: 7.087 Thread 0x0000019df065dd60 nmethod 2495 0x0000019ddd123090 code [0x0000019ddd123240, 0x0000019ddd123448]

GC Heap History (12 events):
Event: 0.863 GC heap before
{Heap before GC invocations=0 (full 0):
 garbage-first heap   total 63488K, used 12288K [0x00000000c2000000, 0x0000000100000000)
  region size 1024K, 13 young (13312K), 0 survivors (0K)
 Metaspace       used 8763K, committed 8960K, reserved 1114112K
  class space    used 781K, committed 896K, reserved 1048576K
}
Event: 0.873 GC heap after
{Heap after GC invocations=1 (full 0):
 garbage-first heap   total 63488K, used 6400K [0x00000000c2000000, 0x0000000100000000)
  region size 1024K, 2 young (2048K), 2 survivors (2048K)
 Metaspace       used 8763K, committed 8960K, reserved 1114112K
  class space    used 781K, committed 896K, reserved 1048576K
}
Event: 1.539 GC heap before
{Heap before GC invocations=1 (full 0):
 garbage-first heap   total 63488K, used 16640K [0x00000000c2000000, 0x0000000100000000)
  region size 1024K, 12 young (12288K), 2 survivors (2048K)
 Metaspace       used 12465K, committed 12672K, reserved 1114112K
  class space    used 1216K, committed 1344K, reserved 1048576K
}
Event: 1.545 GC heap after
{Heap after GC invocations=2 (full 0):
 garbage-first heap   total 63488K, used 7102K [0x00000000c2000000, 0x0000000100000000)
  region size 1024K, 1 young (1024K), 1 survivors (1024K)
 Metaspace       used 12465K, committed 12672K, reserved 1114112K
  class space    used 1216K, committed 1344K, reserved 1048576K
}
Event: 2.409 GC heap before
{Heap before GC invocations=2 (full 0):
 garbage-first heap   total 63488K, used 27582K [0x00000000c2000000, 0x0000000100000000)
  region size 1024K, 21 young (21504K), 1 survivors (1024K)
 Metaspace       used 17896K, committed 18176K, reserved 1114112K
  class space    used 1979K, committed 2112K, reserved 1048576K
}
Event: 2.417 GC heap after
{Heap after GC invocations=3 (full 0):
 garbage-first heap   total 63488K, used 8215K [0x00000000c2000000, 0x0000000100000000)
  region size 1024K, 2 young (2048K), 2 survivors (2048K)
 Metaspace       used 17896K, committed 18176K, reserved 1114112K
  class space    used 1979K, committed 2112K, reserved 1048576K
}
Event: 2.853 GC heap before
{Heap before GC invocations=3 (full 0):
 garbage-first heap   total 63488K, used 15383K [0x00000000c2000000, 0x0000000100000000)
  region size 1024K, 10 young (10240K), 2 survivors (2048K)
 Metaspace       used 21207K, committed 21504K, reserved 1114112K
  class space    used 2372K, committed 2560K, reserved 1048576K
}
Event: 2.861 GC heap after
{Heap after GC invocations=4 (full 0):
 garbage-first heap   total 63488K, used 9587K [0x00000000c2000000, 0x0000000100000000)
  region size 1024K, 4 young (4096K), 4 survivors (4096K)
 Metaspace       used 21207K, committed 21504K, reserved 1114112K
  class space    used 2372K, committed 2560K, reserved 1048576K
}
Event: 3.715 GC heap before
{Heap before GC invocations=5 (full 0):
 garbage-first heap   total 40960K, used 28019K [0x00000000c2000000, 0x0000000100000000)
  region size 1024K, 24 young (24576K), 4 survivors (4096K)
 Metaspace       used 28142K, committed 28480K, reserved 1114112K
  class space    used 3186K, committed 3328K, reserved 1048576K
}
Event: 3.730 GC heap after
{Heap after GC invocations=6 (full 0):
 garbage-first heap   total 40960K, used 12052K [0x00000000c2000000, 0x0000000100000000)
  region size 1024K, 3 young (3072K), 3 survivors (3072K)
 Metaspace       used 28142K, committed 28480K, reserved 1114112K
  class space    used 3186K, committed 3328K, reserved 1048576K
}
Event: 6.871 GC heap before
{Heap before GC invocations=6 (full 0):
 garbage-first heap   total 40960K, used 29460K [0x00000000c2000000, 0x0000000100000000)
  region size 1024K, 16 young (16384K), 3 survivors (3072K)
 Metaspace       used 31576K, committed 31936K, reserved 1114112K
  class space    used 3686K, committed 3840K, reserved 1048576K
}
Event: 6.881 GC heap after
{Heap after GC invocations=7 (full 0):
 garbage-first heap   total 40960K, used 18374K [0x00000000c2000000, 0x0000000100000000)
  region size 1024K, 1 young (1024K), 1 survivors (1024K)
 Metaspace       used 31576K, committed 31936K, reserved 1114112K
  class space    used 3686K, committed 3840K, reserved 1048576K
}

Dll operation events (9 events):
Event: 0.010 Loaded shared library C:\my new folder\eclipse\plugins\org.eclipse.justj.openjdk.hotspot.jre.full.win32.x86_64_17.0.7.v20230425-1502\jre\bin\java.dll
Event: 0.152 Loaded shared library C:\my new folder\eclipse\plugins\org.eclipse.justj.openjdk.hotspot.jre.full.win32.x86_64_17.0.7.v20230425-1502\jre\bin\net.dll
Event: 0.155 Loaded shared library C:\my new folder\eclipse\plugins\org.eclipse.justj.openjdk.hotspot.jre.full.win32.x86_64_17.0.7.v20230425-1502\jre\bin\nio.dll
Event: 0.165 Loaded shared library C:\my new folder\eclipse\plugins\org.eclipse.justj.openjdk.hotspot.jre.full.win32.x86_64_17.0.7.v20230425-1502\jre\bin\zip.dll
Event: 0.188 Loaded shared library C:\my new folder\eclipse\plugins\org.eclipse.justj.openjdk.hotspot.jre.full.win32.x86_64_17.0.7.v20230425-1502\jre\bin\verify.dll
Event: 0.540 Loaded shared library C:\my new folder\eclipse\plugins\org.eclipse.justj.openjdk.hotspot.jre.full.win32.x86_64_17.0.7.v20230425-1502\jre\bin\jimage.dll
Event: 2.308 Loaded shared library C:\my new folder\eclipse\plugins\org.eclipse.justj.openjdk.hotspot.jre.full.win32.x86_64_17.0.7.v20230425-1502\jre\bin\management.dll
Event: 2.314 Loaded shared library C:\my new folder\eclipse\plugins\org.eclipse.justj.openjdk.hotspot.jre.full.win32.x86_64_17.0.7.v20230425-1502\jre\bin\management_ext.dll
Event: 2.933 Loaded shared library C:\my new folder\eclipse\plugins\org.eclipse.justj.openjdk.hotspot.jre.full.win32.x86_64_17.0.7.v20230425-1502\jre\bin\sunmscapi.dll

Deoptimization events (20 events):
Event: 3.206 Thread 0x0000019dd73fe800 Uncommon trap: trap_request=0xffffff45 fr.pc=0x0000019de47ff1e4 relative=0x00000000000001e4
Event: 3.206 Thread 0x0000019dd73fe800 Uncommon trap: reason=unstable_if action=reinterpret pc=0x0000019de47ff1e4 method=java.util.HashMap.putVal(ILjava/lang/Object;Ljava/lang/Object;ZZ)Ljava/lang/Object; @ 162 c2
Event: 3.206 Thread 0x0000019dd73fe800 DEOPT PACKING pc=0x0000019de47ff1e4 sp=0x0000000ae99f8500
Event: 3.206 Thread 0x0000019dd73fe800 DEOPT UNPACKING pc=0x0000019de42069a3 sp=0x0000000ae99f84c0 mode 2
Event: 3.526 Thread 0x0000019dd73fe800 Uncommon trap: trap_request=0xffffff45 fr.pc=0x0000019de47cc9c0 relative=0x0000000000000620
Event: 3.526 Thread 0x0000019dd73fe800 Uncommon trap: reason=unstable_if action=reinterpret pc=0x0000019de47cc9c0 method=java.lang.String.replace(CC)Ljava/lang/String; @ 2 c2
Event: 3.526 Thread 0x0000019dd73fe800 DEOPT PACKING pc=0x0000019de47cc9c0 sp=0x0000000ae99fc870
Event: 3.526 Thread 0x0000019dd73fe800 DEOPT UNPACKING pc=0x0000019de42069a3 sp=0x0000000ae99fc820 mode 2
Event: 3.667 Thread 0x0000019dd73fe800 Uncommon trap: trap_request=0xffffff45 fr.pc=0x0000019de47d3520 relative=0x0000000000002aa0
Event: 3.668 Thread 0x0000019dd73fe800 Uncommon trap: reason=unstable_if action=reinterpret pc=0x0000019de47d3520 method=jdk.internal.org.objectweb.asm.Frame.push(Ljdk/internal/org/objectweb/asm/SymbolTable;Ljava/lang/String;)V @ 49 c2
Event: 3.668 Thread 0x0000019dd73fe800 DEOPT PACKING pc=0x0000019de47d3520 sp=0x0000000ae99fae50
Event: 3.668 Thread 0x0000019dd73fe800 DEOPT UNPACKING pc=0x0000019de42069a3 sp=0x0000000ae99fad60 mode 2
Event: 3.761 Thread 0x0000019dd73fe800 Uncommon trap: trap_request=0xffffff45 fr.pc=0x0000019de480a004 relative=0x0000000000000084
Event: 3.761 Thread 0x0000019dd73fe800 Uncommon trap: reason=unstable_if action=reinterpret pc=0x0000019de480a004 method=java.lang.CharacterDataLatin1.isWhitespace(I)Z @ 14 c2
Event: 3.761 Thread 0x0000019dd73fe800 DEOPT PACKING pc=0x0000019de480a004 sp=0x0000000ae99fc6f0
Event: 3.761 Thread 0x0000019dd73fe800 DEOPT UNPACKING pc=0x0000019de42069a3 sp=0x0000000ae99fc660 mode 2
Event: 4.124 Thread 0x0000019df67c7f90 Uncommon trap: trap_request=0xffffff45 fr.pc=0x0000019de47c45c8 relative=0x0000000000000048
Event: 4.124 Thread 0x0000019df67c7f90 Uncommon trap: reason=unstable_if action=reinterpret pc=0x0000019de47c45c8 method=java.lang.CharacterData.of(I)Ljava/lang/CharacterData; @ 4 c2
Event: 4.124 Thread 0x0000019df67c7f90 DEOPT PACKING pc=0x0000019de47c45c8 sp=0x0000000aeb9fd9b0
Event: 4.124 Thread 0x0000019df67c7f90 DEOPT UNPACKING pc=0x0000019de42069a3 sp=0x0000000aeb9fd948 mode 2

Classes unloaded (0 events):
No events

Classes redefined (0 events):
No events

Internal exceptions (20 events):
Event: 3.541 Thread 0x0000019df6073030 Exception <a 'java/lang/NoSuchMethodError'{0x00000000c3212718}: 'java.lang.Object java.lang.invoke.DirectMethodHandle$Holder.newInvokeSpecial(java.lang.Object, long)'> (0x00000000c3212718) 
thrown [s\src\hotspot\share\interpreter\linkResolver.cpp, line 759]
Event: 3.543 Thread 0x0000019df6073030 Exception <a 'java/lang/NoSuchMethodError'{0x00000000c32191f8}: 'java.lang.Object java.lang.invoke.DirectMethodHandle$Holder.invokeStatic(java.lang.Object, java.lang.Object, long, java.lang.Object)'> (0x00000000c32191f8) 
thrown [s\src\hotspot\share\interpreter\linkResolver.cpp, line 759]
Event: 3.544 Thread 0x0000019df6073030 Exception <a 'java/lang/NoSuchMethodError'{0x00000000c321c9e8}: 'java.lang.Object java.lang.invoke.DirectMethodHandle$Holder.invokeStaticInit(java.lang.Object, java.lang.Object, long, java.lang.Object)'> (0x00000000c321c9e8) 
thrown [s\src\hotspot\share\interpreter\linkResolver.cpp, line 759]
Event: 3.545 Thread 0x0000019df6073030 Exception <a 'java/lang/NoSuchMethodError'{0x00000000c3222a70}: 'java.lang.Object java.lang.invoke.DirectMethodHandle$Holder.newInvokeSpecial(java.lang.Object, java.lang.Object, long)'> (0x00000000c3222a70) 
thrown [s\src\hotspot\share\interpreter\linkResolver.cpp, line 759]
Event: 3.599 Thread 0x0000019df67cafb0 Exception <a 'java/net/ConnectException'{0x00000000c32d6d30}: Connection refused: no further information> (0x00000000c32d6d30) 
thrown [s\src\hotspot\share\prims\jni.cpp, line 535]
Event: 3.599 Thread 0x0000019df67cafb0 Exception <a 'java/net/SocketException'{0x00000000c32d7068}: Socket is not connected: shutdown> (0x00000000c32d7068) 
thrown [s\src\hotspot\share\prims\jni.cpp, line 535]
Event: 3.611 Thread 0x0000019df67cafb0 Exception <a 'java/net/ConnectException'{0x00000000c32d80d0}: Connection refused: no further information> (0x00000000c32d80d0) 
thrown [s\src\hotspot\share\prims\jni.cpp, line 535]
Event: 3.611 Thread 0x0000019df67cafb0 Exception <a 'java/net/SocketException'{0x00000000c32d8408}: Socket is not connected: shutdown> (0x00000000c32d8408) 
thrown [s\src\hotspot\share\prims\jni.cpp, line 535]
Event: 3.667 Thread 0x0000019dd73fe800 Exception <a 'java/lang/NoSuchMethodError'{0x00000000c313a258}: 'double java.lang.invoke.DirectMethodHandle$Holder.invokeVirtual(java.lang.Object, java.lang.Object)'> (0x00000000c313a258) 
thrown [s\src\hotspot\share\interpreter\linkResolver.cpp, line 759]
Event: 3.669 Thread 0x0000019dd73fe800 Exception <a 'java/lang/NoSuchMethodError'{0x00000000c3140ca8}: 'float java.lang.invoke.DirectMethodHandle$Holder.invokeVirtual(java.lang.Object, java.lang.Object)'> (0x00000000c3140ca8) 
thrown [s\src\hotspot\share\interpreter\linkResolver.cpp, line 759]
Event: 3.670 Thread 0x0000019dd73fe800 Exception <a 'java/lang/NoSuchMethodError'{0x00000000c3149f30}: 'long java.lang.invoke.DirectMethodHandle$Holder.invokeVirtual(java.lang.Object, java.lang.Object)'> (0x00000000c3149f30) 
thrown [s\src\hotspot\share\interpreter\linkResolver.cpp, line 759]
Event: 3.679 Thread 0x0000019dd73fe800 Exception <a 'java/lang/NoSuchMethodError'{0x00000000c317b088}: 'java.lang.Object java.lang.invoke.DirectMethodHandle$Holder.invokeVirtual(java.lang.Object, java.lang.Object, java.lang.Object)'> (0x00000000c317b088) 
thrown [s\src\hotspot\share\interpreter\linkResolver.cpp, line 759]
Event: 3.735 Thread 0x0000019dd73fe800 Exception <a 'java/lang/NoSuchMethodError'{0x00000000c5d26798}: 'void java.lang.invoke.DirectMethodHandle$Holder.invokeSpecial(java.lang.Object, java.lang.Object, java.lang.Object, java.lang.Object, java.lang.Object)'> (0x00000000c5d26798) 
thrown [s\src\hotspot\share\interpreter\linkResolver.cpp, line 759]
Event: 3.738 Thread 0x0000019dd73fe800 Exception <a 'java/lang/NoSuchMethodError'{0x00000000c5d2dc80}: 'void java.lang.invoke.DirectMethodHandle$Holder.invokeStatic(java.lang.Object, java.lang.Object, int)'> (0x00000000c5d2dc80) 
thrown [s\src\hotspot\share\interpreter\linkResolver.cpp, line 759]
Event: 3.828 Thread 0x0000019dd73fe800 Exception <a 'java/lang/NoSuchMethodError'{0x00000000c5460100}: 'int java.lang.invoke.DirectMethodHandle$Holder.invokeSpecialIFC(java.lang.Object, java.lang.Object, java.lang.Object)'> (0x00000000c5460100) 
thrown [s\src\hotspot\share\interpreter\linkResolver.cpp, line 759]
Event: 3.964 Thread 0x0000019dd73fe800 Exception <a 'java/lang/NoSuchMethodError'{0x00000000c42b1780}: 'void java.lang.invoke.DirectMethodHandle$Holder.invokeSpecial(java.lang.Object, java.lang.Object, java.lang.Object, java.lang.Object, java.lang.Object, java.lang.Object)'> (0x00000000c42b1780) 
thrown [s\src\hotspot\share\interpreter\linkResolver.cpp, line 759]
Event: 6.912 Thread 0x0000019dd73fe800 Exception <a 'java/lang/NoSuchMethodError'{0x00000000c5dc4330}: 'java.lang.Object java.lang.invoke.DirectMethodHandle$Holder.invokeSpecialIFC(java.lang.Object, java.lang.Object, java.lang.Object)'> (0x00000000c5dc4330) 
thrown [s\src\hotspot\share\interpreter\linkResolver.cpp, line 759]
Event: 7.031 Thread 0x0000019df67c97a0 Exception <a 'java/lang/NoSuchMethodError'{0x00000000c53a6540}: 'java.lang.Object java.lang.invoke.DirectMethodHandle$Holder.invokeStatic(java.lang.Object, int, java.lang.Object)'> (0x00000000c53a6540) 
thrown [s\src\hotspot\share\interpreter\linkResolver.cpp, line 759]
Event: 7.040 Thread 0x0000019df67c97a0 Exception <a 'java/lang/ClassNotFoundException'{0x00000000c53c9738}: sun/util/logging/resources/spi/loggingProvider> (0x00000000c53c9738) 
thrown [s\src\hotspot\share\classfile\systemDictionary.cpp, line 256]
Event: 7.064 Thread 0x0000019dd73fe800 Exception <a 'java/lang/reflect/InvocationTargetException'{0x00000000c5323478}> (0x00000000c5323478) 
thrown [s\src\hotspot\share\runtime\reflection.cpp, line 1121]

VM Operations (20 events):
Event: 2.945 Executing VM operation: HandshakeAllThreads
Event: 2.945 Executing VM operation: HandshakeAllThreads done
Event: 2.991 Executing VM operation: HandshakeAllThreads
Event: 2.991 Executing VM operation: HandshakeAllThreads done
Event: 3.382 Executing VM operation: HandshakeAllThreads
Event: 3.382 Executing VM operation: HandshakeAllThreads done
Event: 3.647 Executing VM operation: HandshakeAllThreads
Event: 3.647 Executing VM operation: HandshakeAllThreads done
Event: 3.648 Executing VM operation: HandshakeAllThreads
Event: 3.648 Executing VM operation: HandshakeAllThreads done
Event: 3.649 Executing VM operation: HandshakeAllThreads
Event: 3.649 Executing VM operation: HandshakeAllThreads done
Event: 3.715 Executing VM operation: G1CollectForAllocation
Event: 3.730 Executing VM operation: G1CollectForAllocation done
Event: 4.124 Executing VM operation: HandshakeAllThreads
Event: 4.124 Executing VM operation: HandshakeAllThreads done
Event: 5.135 Executing VM operation: Cleanup
Event: 5.135 Executing VM operation: Cleanup done
Event: 6.871 Executing VM operation: G1CollectForAllocation
Event: 6.881 Executing VM operation: G1CollectForAllocation done

Events (20 events):
Event: 7.042 loading class sun/util/logging/resources/logging_en_US
Event: 7.042 loading class sun/util/logging/resources/logging_en_US done
Event: 7.042 loading class sun/util/logging/resources/logging_en_US
Event: 7.042 loading class sun/util/logging/resources/logging_en_US done
Event: 7.042 loading class java/util/Formatter$DateTime
Event: 7.043 loading class java/util/Formatter$DateTime done
Event: 7.043 loading class java/time/ZonedDateTime$1
Event: 7.043 loading class java/time/ZonedDateTime$1 done
Event: 7.043 loading class java/text/DateFormatSymbols
Event: 7.044 loading class java/text/DateFormatSymbols done
Event: 7.045 loading class sun/util/locale/provider/DateFormatSymbolsProviderImpl
Event: 7.045 loading class sun/util/locale/provider/DateFormatSymbolsProviderImpl done
Event: 7.048 loading class sun/text/resources/cldr/FormatData
Event: 7.049 loading class sun/text/resources/cldr/FormatData done
Event: 7.049 loading class sun/text/resources/cldr/FormatData_en
Event: 7.050 loading class sun/text/resources/cldr/FormatData_en done
Event: 7.050 loading class sun/text/resources/cldr/FormatData_en_US
Event: 7.050 loading class sun/text/resources/cldr/FormatData_en_US done
Event: 7.051 loading class java/time/LocalTime$1
Event: 7.052 loading class java/time/LocalTime$1 done


Dynamic libraries:
0x00007ff696680000 - 0x00007ff69668e000 	C:\my new folder\eclipse\plugins\org.eclipse.justj.openjdk.hotspot.jre.full.win32.x86_64_17.0.7.v20230425-1502\jre\bin\java.exe
0x00007ffdd8e70000 - 0x00007ffdd9068000 	C:\Windows\SYSTEM32\ntdll.dll
0x00007ffdd7cf0000 - 0x00007ffdd7dad000 	C:\Windows\System32\KERNEL32.DLL
0x00007ffdd6bd0000 - 0x00007ffdd6ec6000 	C:\Windows\System32\KERNELBASE.dll
0x00007ffdd65a0000 - 0x00007ffdd66a0000 	C:\Windows\System32\ucrtbase.dll
0x00007ffdcccc0000 - 0x00007ffdcccd9000 	C:\my new folder\eclipse\plugins\org.eclipse.justj.openjdk.hotspot.jre.full.win32.x86_64_17.0.7.v20230425-1502\jre\bin\VCRUNTIME140.dll
0x00007ffdc6570000 - 0x00007ffdc6587000 	C:\my new folder\eclipse\plugins\org.eclipse.justj.openjdk.hotspot.jre.full.win32.x86_64_17.0.7.v20230425-1502\jre\bin\jli.dll
0x00007ffdd8220000 - 0x00007ffdd83be000 	C:\Windows\System32\USER32.dll
0x00007ffdc91d0000 - 0x00007ffdc946a000 	C:\Windows\WinSxS\amd64_microsoft.windows.common-controls_6595b64144ccf1df_6.0.19041.1110_none_60b5254171f9507e\COMCTL32.dll
0x00007ffdd69f0000 - 0x00007ffdd6a12000 	C:\Windows\System32\win32u.dll
0x00007ffdd8670000 - 0x00007ffdd870e000 	C:\Windows\System32\msvcrt.dll
0x00007ffdd6ed0000 - 0x00007ffdd6efc000 	C:\Windows\System32\GDI32.dll
0x00007ffdd66a0000 - 0x00007ffdd67ba000 	C:\Windows\System32\gdi32full.dll
0x00007ffdd6950000 - 0x00007ffdd69ed000 	C:\Windows\System32\msvcp_win.dll
0x00007ffdd8da0000 - 0x00007ffdd8dd0000 	C:\Windows\System32\IMM32.DLL
0x00007ffdd0bd0000 - 0x00007ffdd0bdc000 	C:\my new folder\eclipse\plugins\org.eclipse.justj.openjdk.hotspot.jre.full.win32.x86_64_17.0.7.v20230425-1502\jre\bin\vcruntime140_1.dll
0x00007ffdbc650000 - 0x00007ffdbc6e1000 	C:\my new folder\eclipse\plugins\org.eclipse.justj.openjdk.hotspot.jre.full.win32.x86_64_17.0.7.v20230425-1502\jre\bin\msvcp140.dll
0x00007ffda4d60000 - 0x00007ffda59a8000 	C:\my new folder\eclipse\plugins\org.eclipse.justj.openjdk.hotspot.jre.full.win32.x86_64_17.0.7.v20230425-1502\jre\bin\server\jvm.dll
0x00007ffdd8430000 - 0x00007ffdd84de000 	C:\Windows\System32\ADVAPI32.dll
0x00007ffdd70b0000 - 0x00007ffdd714c000 	C:\Windows\System32\sechost.dll
0x00007ffdd8740000 - 0x00007ffdd8866000 	C:\Windows\System32\RPCRT4.dll
0x00007ffdca7f0000 - 0x00007ffdca7f9000 	C:\Windows\SYSTEM32\WSOCK32.dll
0x00007ffdb7660000 - 0x00007ffdb7687000 	C:\Windows\SYSTEM32\WINMM.dll
0x00007ffdd83c0000 - 0x00007ffdd842b000 	C:\Windows\System32\WS2_32.dll
0x00007ffdca950000 - 0x00007ffdca95a000 	C:\Windows\SYSTEM32\VERSION.dll
0x00007ffdd4d70000 - 0x00007ffdd4d82000 	C:\Windows\SYSTEM32\kernel.appcore.dll
0x00007ffdcf590000 - 0x00007ffdcf59a000 	C:\my new folder\eclipse\plugins\org.eclipse.justj.openjdk.hotspot.jre.full.win32.x86_64_17.0.7.v20230425-1502\jre\bin\jimage.dll
0x00007ffdd4290000 - 0x00007ffdd4474000 	C:\Windows\SYSTEM32\DBGHELP.DLL
0x00007ffdcdfe0000 - 0x00007ffdce014000 	C:\Windows\SYSTEM32\dbgcore.DLL
0x00007ffdd6b40000 - 0x00007ffdd6bc2000 	C:\Windows\System32\bcryptPrimitives.dll
0x00007ffdcf470000 - 0x00007ffdcf495000 	C:\my new folder\eclipse\plugins\org.eclipse.justj.openjdk.hotspot.jre.full.win32.x86_64_17.0.7.v20230425-1502\jre\bin\java.dll
0x00007ffdceda0000 - 0x00007ffdcedb8000 	C:\my new folder\eclipse\plugins\org.eclipse.justj.openjdk.hotspot.jre.full.win32.x86_64_17.0.7.v20230425-1502\jre\bin\zip.dll
0x00007ffdd7150000 - 0x00007ffdd7895000 	C:\Windows\System32\SHELL32.dll
0x00007ffdd4480000 - 0x00007ffdd4c1b000 	C:\Windows\SYSTEM32\windows.storage.dll
0x00007ffdd78a0000 - 0x00007ffdd7bf4000 	C:\Windows\System32\combase.dll
0x00007ffdd5ec0000 - 0x00007ffdd5eee000 	C:\Windows\SYSTEM32\Wldp.dll
0x00007ffdd85c0000 - 0x00007ffdd866d000 	C:\Windows\System32\SHCORE.dll
0x00007ffdd6f00000 - 0x00007ffdd6f55000 	C:\Windows\System32\shlwapi.dll
0x00007ffdd6480000 - 0x00007ffdd64a5000 	C:\Windows\SYSTEM32\profapi.dll
0x00007ffdced80000 - 0x00007ffdced99000 	C:\my new folder\eclipse\plugins\org.eclipse.justj.openjdk.hotspot.jre.full.win32.x86_64_17.0.7.v20230425-1502\jre\bin\net.dll
0x00007ffdcefd0000 - 0x00007ffdcf0da000 	C:\Windows\SYSTEM32\WINHTTP.dll
0x00007ffdd5c20000 - 0x00007ffdd5c8a000 	C:\Windows\system32\mswsock.dll
0x00007ffdceb70000 - 0x00007ffdceb85000 	C:\my new folder\eclipse\plugins\org.eclipse.justj.openjdk.hotspot.jre.full.win32.x86_64_17.0.7.v20230425-1502\jre\bin\nio.dll
0x00007ffdcf580000 - 0x00007ffdcf590000 	C:\my new folder\eclipse\plugins\org.eclipse.justj.openjdk.hotspot.jre.full.win32.x86_64_17.0.7.v20230425-1502\jre\bin\verify.dll
0x00007ffdd5e10000 - 0x00007ffdd5e28000 	C:\Windows\SYSTEM32\CRYPTSP.dll
0x00007ffdd5530000 - 0x00007ffdd5564000 	C:\Windows\system32\rsaenh.dll
0x00007ffdd6920000 - 0x00007ffdd6947000 	C:\Windows\System32\bcrypt.dll
0x00007ffdd6440000 - 0x00007ffdd646e000 	C:\Windows\SYSTEM32\USERENV.dll
0x00007ffdd5e30000 - 0x00007ffdd5e3c000 	C:\Windows\SYSTEM32\CRYPTBASE.dll
0x00007ffdd5910000 - 0x00007ffdd594b000 	C:\Windows\SYSTEM32\IPHLPAPI.DLL
0x00007ffdd8730000 - 0x00007ffdd8738000 	C:\Windows\System32\NSI.dll
0x00007ffdcd010000 - 0x00007ffdcd027000 	C:\Windows\SYSTEM32\dhcpcsvc6.DLL
0x00007ffdcd810000 - 0x00007ffdcd82d000 	C:\Windows\SYSTEM32\dhcpcsvc.DLL
0x00007ffdd5950000 - 0x00007ffdd5a1a000 	C:\Windows\SYSTEM32\DNSAPI.dll
0x00007ffdcbd90000 - 0x00007ffdcbd9a000 	C:\Windows\System32\rasadhlp.dll
0x00007ffdcbee0000 - 0x00007ffdcbf62000 	C:\Windows\System32\fwpuclnt.dll
0x00007ffdcfa30000 - 0x00007ffdcfa39000 	C:\my new folder\eclipse\plugins\org.eclipse.justj.openjdk.hotspot.jre.full.win32.x86_64_17.0.7.v20230425-1502\jre\bin\management.dll
0x00007ffdcf570000 - 0x00007ffdcf57b000 	C:\my new folder\eclipse\plugins\org.eclipse.justj.openjdk.hotspot.jre.full.win32.x86_64_17.0.7.v20230425-1502\jre\bin\management_ext.dll
0x00007ffdd7ce0000 - 0x00007ffdd7ce8000 	C:\Windows\System32\PSAPI.DLL
0x00007ffdc5a30000 - 0x00007ffdc5a47000 	C:\Windows\system32\napinsp.dll
0x00007ffdc6090000 - 0x00007ffdc60ab000 	C:\Windows\system32\pnrpnsp.dll
0x00007ffdd0dd0000 - 0x00007ffdd0de5000 	C:\Windows\system32\wshbth.dll
0x00007ffdce240000 - 0x00007ffdce25d000 	C:\Windows\system32\NLAapi.dll
0x00007ffdce900000 - 0x00007ffdce912000 	C:\Windows\System32\winrnr.dll
0x00007ffdcf820000 - 0x00007ffdcf82e000 	C:\my new folder\eclipse\plugins\org.eclipse.justj.openjdk.hotspot.jre.full.win32.x86_64_17.0.7.v20230425-1502\jre\bin\sunmscapi.dll
0x00007ffdd67c0000 - 0x00007ffdd691e000 	C:\Windows\System32\CRYPT32.dll
0x00007ffdd5f30000 - 0x00007ffdd5f58000 	C:\Windows\SYSTEM32\ncrypt.dll
0x00007ffdd5ef0000 - 0x00007ffdd5f2b000 	C:\Windows\SYSTEM32\NTASN1.dll
0x00007ffdcf560000 - 0x00007ffdcf567000 	C:\Windows\system32\wshunix.dll

dbghelp: loaded successfully - version: 4.0.5 - missing functions: none
symbol engine: initialized successfully - sym options: 0x614 - pdb path: .;C:\my new folder\eclipse\plugins\org.eclipse.justj.openjdk.hotspot.jre.full.win32.x86_64_17.0.7.v20230425-1502\jre\bin;C:\Windows\SYSTEM32;C:\Windows\WinSxS\amd64_microsoft.windows.common-controls_6595b64144ccf1df_6.0.19041.1110_none_60b5254171f9507e;C:\my new folder\eclipse\plugins\org.eclipse.justj.openjdk.hotspot.jre.full.win32.x86_64_17.0.7.v20230425-1502\jre\bin\server

VM Arguments:
java_command: C:\my new folder\myprograms\Opencart_aug12\target\surefire\surefirebooter4056613892536790470.jar C:\my new folder\myprograms\Opencart_aug12\target\surefire\surefire1955852261407009208tmp C:\my new folder\myprograms\Opencart_aug12\target\surefire\surefire_017431049518704909804tmp
java_class_path (initial): C:\my new folder\myprograms\Opencart_aug12\target\surefire\surefirebooter4056613892536790470.jar
Launcher Type: SUN_STANDARD

[Global flags]
     intx CICompilerCount                          = 3                                         {product} {ergonomic}
     uint ConcGCThreads                            = 1                                         {product} {ergonomic}
     uint G1ConcRefinementThreads                  = 4                                         {product} {ergonomic}
   size_t G1HeapRegionSize                         = 1048576                                   {product} {ergonomic}
    uintx GCDrainStackTargetSize                   = 64                                        {product} {ergonomic}
   size_t InitialHeapSize                          = 65011712                                  {product} {ergonomic}
   size_t MarkStackSize                            = 4194304                                   {product} {ergonomic}
   size_t MaxHeapSize                              = 1040187392                                {product} {ergonomic}
   size_t MaxNewSize                               = 623902720                                 {product} {ergonomic}
   size_t MinHeapDeltaBytes                        = 1048576                                   {product} {ergonomic}
   size_t MinHeapSize                              = 8388608                                   {product} {ergonomic}
    uintx NonNMethodCodeHeapSize                   = 5832780                                {pd product} {ergonomic}
    uintx NonProfiledCodeHeapSize                  = 122912730                              {pd product} {ergonomic}
    uintx ProfiledCodeHeapSize                     = 122912730                              {pd product} {ergonomic}
    uintx ReservedCodeCacheSize                    = 251658240                              {pd product} {ergonomic}
     bool SegmentedCodeCache                       = true                                      {product} {ergonomic}
   size_t SoftMaxHeapSize                          = 1040187392                             {manageable} {ergonomic}
     bool UseCompressedClassPointers               = true                           {product lp64_product} {ergonomic}
     bool UseCompressedOops                        = true                           {product lp64_product} {ergonomic}
     bool UseG1GC                                  = true                                      {product} {ergonomic}
     bool UseLargePagesIndividualAllocation        = false                                  {pd product} {ergonomic}

Logging:
Log output configuration:
 #0: stdout all=warning uptime,level,tags
 #1: stderr all=off uptime,level,tags

Environment Variables:
JAVA_HOME=C:\Program Files\Java\jdk-11\bin
PATH=C:/my new folder/eclipse//plugins/org.eclipse.justj.openjdk.hotspot.jre.full.win32.x86_64_17.0.7.v20230425-1502/jre/bin/server;C:/my new folder/eclipse//plugins/org.eclipse.justj.openjdk.hotspot.jre.full.win32.x86_64_17.0.7.v20230425-1502/jre/bin;C:\Program Files\Common Files\Oracle\Java\javapath;C:\Program Files (x86)\Common Files\Oracle\Java\javapath;C:\Windows\system32;C:\Windows;C:\Windows\System32\Wbem;C:\Windows\System32\WindowsPowerShell\v1.0\;C:\Windows\System32\OpenSSH\;C:\Program Files\Java\jdk1.8.0_211\bin;C:\my new folder\Maven\apache-maven-3.9.2\bin;C:\Program Files\Java\jdk1.8.0_211\bin;C:\Program Files\Java\jdk-11\bin;C:\Users\ADMIN\AppData\Local\Microsoft\WindowsApps;C:\Users\ADMIN\AppData\Local\Programs\Microsoft VS Code\bin;;C:\my new folder\eclipse;
USERNAME=ADMIN
OS=Windows_NT
PROCESSOR_IDENTIFIER=Intel64 Family 6 Model 78 Stepping 3, GenuineIntel
TMP=C:\Users\ADMIN\AppData\Local\Temp
TEMP=C:\Users\ADMIN\AppData\Local\Temp



---------------  S Y S T E M  ---------------

OS:
 Windows 10 , 64 bit Build 19041 (10.0.19041.3393)
OS uptime: 18 days 7:07 hours

CPU: total 4 (initial active 4) (2 cores per cpu, 2 threads per core) family 6 model 78 stepping 3 microcode 0xcc, cx8, cmov, fxsr, ht, mmx, 3dnowpref, sse, sse2, sse3, ssse3, sse4.1, sse4.2, popcnt, lzcnt, tsc, tscinvbit, avx, avx2, aes, erms, clmul, bmi1, bmi2, adx, fma, vzeroupper, clflush, clflushopt

Memory: 4k page, system-wide physical 3965M (367M free)
TotalPageFile size 16253M (AvailPageFile size 0M)
current process WorkingSet (physical memory assigned to process): 139M, peak: 151M
current process commit charge ("private bytes"): 165M, peak: 182M

vm_info: OpenJDK 64-Bit Server VM (17.0.7+7) for windows-amd64 JRE (17.0.7+7), built on Apr 18 2023 22:10:42 by "temurin" with MS VC++ 16.7 (VS2019)

END.
